0 info it worked if it ends with ok
1 verbose cli [ 'C:\\Program Files\\nodejs\\node.exe',
1 verbose cli   'C:\\Users\\mgardner\\AppData\\Roaming\\npm\\node_modules\\npm\\bin\\npm-cli.js',
1 verbose cli   'run',
1 verbose cli   'jest-test' ]
2 info using npm@3.10.7
3 info using node@v6.5.0
4 verbose run-script [ 'prejest-test', 'jest-test', 'postjest-test' ]
5 info lifecycle react-redux-starter@1.0.0~prejest-test: react-redux-starter@1.0.0
6 silly lifecycle react-redux-starter@1.0.0~prejest-test: no script for prejest-test, continuing
7 info lifecycle react-redux-starter@1.0.0~jest-test: react-redux-starter@1.0.0
8 verbose lifecycle react-redux-starter@1.0.0~jest-test: unsafe-perm in lifecycle true
9 verbose lifecycle react-redux-starter@1.0.0~jest-test: PATH: C:\Users\mgardner\AppData\Roaming\npm\node_modules\npm\bin\node-gyp-bin;C:\git-repositories\dungeon-run-test\node_modules\.bin;C:\Users\mgardner\bin;C:\Program Files\Git\mingw64\bin;C:\Program Files\Git\usr\local\bin;C:\Program Files\Git\usr\bin;C:\Program Files\Git\usr\bin;C:\Program Files\Git\mingw64\bin;C:\Program Files\Git\usr\bin;C:\Users\mgardner\bin;C:\Program Files (x86)\NVIDIA Corporation\PhysX\Common;C:\Program Files\Common Files\Microsoft Shared\Windows Live;C:\Windows\system32;C:\Windows;C:\Windows\System32\Wbem;C:\Windows\System32\WindowsPowerShell\v1.0;C:\Program Files\Microsoft\Web Platform Installer;C:\Program Files (x86)\Microsoft ASP.NET\ASP.NET Web Pages\v1.0;C:\Program Files\Microsoft SQL Server\110\Tools\Binn;C:\Program Files (x86)\Microsoft SQL Server\110\Tools\Binn;C:\Program Files\Microsoft SQL Server\110\DTS\Binn;C:\Program Files (x86)\Microsoft SQL Server\110\Tools\Binn\ManagementStudio;C:\Program Files (x86)\Microsoft SQL Server\110\DTS\Binn;C:\Program Files (x86)\Brackets\command;C:\Program Files (x86)\GtkSharp\2.12\bin;C:\Program Files\nodejs;C:\Program Files (x86)\Skype\Phone;C:\Program Files\Common Files\Microsoft Shared\Windows Live;C:\Users\mgardner\AppData\Roaming\npm;C:\Program Files\Microsoft VS Code\bin;C:\Program Files\Git\usr\bin\vendor_perl;C:\Program Files\Git\usr\bin\core_perl
10 verbose lifecycle react-redux-starter@1.0.0~jest-test: CWD: C:\git-repositories\dungeon-run-test
11 silly lifecycle react-redux-starter@1.0.0~jest-test: Args: [ '/d /s /c', 'jest' ]
12 silly lifecycle react-redux-starter@1.0.0~jest-test: Returned: code: 1  signal: null
13 info lifecycle react-redux-starter@1.0.0~jest-test: Failed to exec jest-test script
14 verbose stack Error: react-redux-starter@1.0.0 jest-test: `jest`
14 verbose stack Exit status 1
14 verbose stack     at EventEmitter.<anonymous> (C:\Users\mgardner\AppData\Roaming\npm\node_modules\npm\lib\utils\lifecycle.js:255:16)
14 verbose stack     at emitTwo (events.js:106:13)
14 verbose stack     at EventEmitter.emit (events.js:191:7)
14 verbose stack     at ChildProcess.<anonymous> (C:\Users\mgardner\AppData\Roaming\npm\node_modules\npm\lib\utils\spawn.js:40:14)
14 verbose stack     at emitTwo (events.js:106:13)
14 verbose stack     at ChildProcess.emit (events.js:191:7)
14 verbose stack     at maybeClose (internal/child_process.js:877:16)
14 verbose stack     at Process.ChildProcess._handle.onexit (internal/child_process.js:226:5)
15 verbose pkgid react-redux-starter@1.0.0
16 verbose cwd C:\git-repositories\dungeon-run-test
17 error Windows_NT 6.1.7601
18 error argv "C:\\Program Files\\nodejs\\node.exe" "C:\\Users\\mgardner\\AppData\\Roaming\\npm\\node_modules\\npm\\bin\\npm-cli.js" "run" "jest-test"
19 error node v6.5.0
20 error npm  v3.10.7
21 error code ELIFECYCLE
22 error react-redux-starter@1.0.0 jest-test: `jest`
22 error Exit status 1
23 error Failed at the react-redux-starter@1.0.0 jest-test script 'jest'.
23 error Make sure you have the latest version of node.js and npm installed.
23 error If you do, this is most likely a problem with the react-redux-starter package,
23 error not with npm itself.
23 error Tell the author that this fails on your system:
23 error     jest
23 error You can get information on how to open an issue for this project with:
23 error     npm bugs react-redux-starter
23 error Or if that isn't available, you can get their info via:
23 error     npm owner ls react-redux-starter
23 error There is likely additional logging output above.
24 verbose exit [ 1, true ]
